2023-04-26 00:39:06,309 INFO org.springframework.boot.admin.SpringApplicationAdminMXBeanRegistrar$SpringApplicationAdmin [RMI TCP Connection(66)-127.0.0.1] Application shutdown requested.
2023-04-26 00:39:06,646 INFO org.apache.catalina.core.StandardService [RMI TCP Connection(66)-127.0.0.1] Stopping service [Tomcat]
2023-04-26 00:39:06,677 INFO org.apache.catalina.core.ContainerBase.[Tomcat].[localhost].[/] [RMI TCP Connection(66)-127.0.0.1] Destroying Spring FrameworkServlet 'dispatcherServlet'
2023-04-26 00:39:07,009 INFO org.springframework.orm.jpa.LocalContainerEntityManagerFactoryBean [RMI TCP Connection(66)-127.0.0.1] Closing JPA EntityManagerFactory for persistence unit 'default'
2023-04-26 00:39:07,092 INFO com.zaxxer.hikari.HikariDataSource [RMI TCP Connection(66)-127.0.0.1] HikariPool-1 - Shutdown initiated...
2023-04-26 00:39:07,120 INFO com.zaxxer.hikari.HikariDataSource [RMI TCP Connection(66)-127.0.0.1] HikariPool-1 - Shutdown completed.
2023-04-26 00:39:27,878 INFO com.employee.EmployeeManagementSystemApplication [restartedMain] Starting EmployeeManagementSystemApplication using Java 17.0.5 on DESKTOP-B6AVPBA with PID 6780 (C:\Users\Adminstrator\Desktop\Capstone_Project\EmployeeManagementSystem\bin\main started by Adminstrator in C:\Users\Adminstrator\Desktop\Capstone_Project\EmployeeManagementSystem)
2023-04-26 00:39:27,885 INFO com.employee.EmployeeManagementSystemApplication [restartedMain] No active profile set, falling back to 1 default profile: "default"
2023-04-26 00:39:28,004 INFO org.springframework.boot.devtools.env.DevToolsPropertyDefaultsPostProcessor [restartedMain] Devtools property defaults active! Set 'spring.devtools.add-properties' to 'false' to disable
2023-04-26 00:39:28,004 INFO org.springframework.boot.devtools.env.DevToolsPropertyDefaultsPostProcessor [restartedMain] For additional web related logging consider setting the 'logging.level.web' property to 'DEBUG'
2023-04-26 00:39:29,818 INFO org.springframework.data.repository.config.RepositoryConfigurationDelegate [restartedMain] Bootstrapping Spring Data JPA repositories in DEFAULT mode.
2023-04-26 00:39:30,195 INFO org.springframework.data.repository.config.RepositoryConfigurationDelegate [restartedMain] Finished Spring Data repository scanning in 354 ms. Found 1 JPA repository interfaces.
2023-04-26 00:39:31,521 INFO org.springframework.boot.web.embedded.tomcat.TomcatWebServer [restartedMain] Tomcat initialized with port(s): 8787 (https)
2023-04-26 00:39:31,551 INFO org.apache.catalina.core.StandardService [restartedMain] Starting service [Tomcat]
2023-04-26 00:39:31,552 INFO org.apache.catalina.core.StandardEngine [restartedMain] Starting Servlet engine: [Apache Tomcat/9.0.74]
2023-04-26 00:39:31,763 INFO org.apache.catalina.core.ContainerBase.[Tomcat].[localhost].[/] [restartedMain] Initializing Spring embedded WebApplicationContext
2023-04-26 00:39:31,764 INFO org.springframework.boot.web.servlet.context.ServletWebServerApplicationContext [restartedMain] Root WebApplicationContext: initialization completed in 3758 ms
2023-04-26 00:39:32,073 INFO org.hibernate.jpa.internal.util.LogHelper [restartedMain] HHH000204: Processing PersistenceUnitInfo [name: default]
2023-04-26 00:39:32,227 INFO org.hibernate.Version [restartedMain] HHH000412: Hibernate ORM core version 5.6.15.Final
2023-04-26 00:39:32,644 INFO org.hibernate.annotations.common.Version [restartedMain] HCANN000001: Hibernate Commons Annotations {5.1.2.Final}
2023-04-26 00:39:32,912 INFO com.zaxxer.hikari.HikariDataSource [restartedMain] HikariPool-1 - Starting...
2023-04-26 00:39:33,767 INFO com.zaxxer.hikari.HikariDataSource [restartedMain] HikariPool-1 - Start completed.
2023-04-26 00:39:33,847 INFO org.hibernate.dialect.Dialect [restartedMain] HHH000400: Using dialect: org.hibernate.dialect.MySQL8Dialect
2023-04-26 00:39:35,968 INFO org.hibernate.engine.transaction.jta.platform.internal.JtaPlatformInitiator [restartedMain] HHH000490: Using JtaPlatform implementation: [org.hibernate.engine.transaction.jta.platform.internal.NoJtaPlatform]
2023-04-26 00:39:35,999 INFO org.springframework.orm.jpa.LocalContainerEntityManagerFactoryBean [restartedMain] Initialized JPA EntityManagerFactory for persistence unit 'default'
2023-04-26 00:39:36,895 WARN org.springframework.boot.autoconfigure.orm.jpa.JpaBaseConfiguration$JpaWebConfiguration [restartedMain] spring.jpa.open-in-view is enabled by default. Therefore, database queries may be performed during view rendering. Explicitly configure spring.jpa.open-in-view to disable this warning
2023-04-26 00:39:39,037 INFO org.springframework.boot.devtools.autoconfigure.OptionalLiveReloadServer [restartedMain] LiveReload server is running on port 35729
2023-04-26 00:39:39,521 INFO org.apache.tomcat.util.net.NioEndpoint.certificate [restartedMain] Connector [https-jsse-nio-8787], TLS virtual host [_default_], certificate type [UNDEFINED] configured from [file:/C:/Users/Adminstrator/Desktop/Capstone_Project/EmployeeManagementSystem/bin/main/keystore.p12] using alias [spring-https] and with trust store [null]
2023-04-26 00:39:39,578 INFO org.springframework.boot.web.embedded.tomcat.TomcatWebServer [restartedMain] Tomcat started on port(s): 8787 (https) with context path ''
2023-04-26 00:39:39,606 INFO com.employee.EmployeeManagementSystemApplication [restartedMain] Started EmployeeManagementSystemApplication in 12.497 seconds (JVM running for 14.719)
2023-04-26 00:55:25,730 INFO org.springframework.boot.devtools.autoconfigure.LocalDevToolsAutoConfiguration$RestartingClassPathChangeChangedEventListener [File Watcher] Restarting due to 1 class path change (0 additions, 0 deletions, 1 modification)
2023-04-26 00:55:26,461 INFO org.apache.catalina.core.StandardService [Thread-5] Stopping service [Tomcat]
2023-04-26 00:55:27,163 INFO org.springframework.orm.jpa.LocalContainerEntityManagerFactoryBean [Thread-5] Closing JPA EntityManagerFactory for persistence unit 'default'
2023-04-26 00:55:27,261 INFO com.zaxxer.hikari.HikariDataSource [Thread-5] HikariPool-1 - Shutdown initiated...
2023-04-26 00:55:43,257 INFO com.employee.EmployeeManagementSystemApplication [restartedMain] Starting EmployeeManagementSystemApplication using Java 17.0.5 on DESKTOP-B6AVPBA with PID 8128 (C:\Users\Adminstrator\Desktop\Capstone_Project\EmployeeManagementSystem\bin\main started by Adminstrator in C:\Users\Adminstrator\Desktop\Capstone_Project\EmployeeManagementSystem)
2023-04-26 00:55:43,279 INFO com.employee.EmployeeManagementSystemApplication [restartedMain] No active profile set, falling back to 1 default profile: "default"
2023-04-26 00:55:43,513 INFO org.springframework.boot.devtools.env.DevToolsPropertyDefaultsPostProcessor [restartedMain] Devtools property defaults active! Set 'spring.devtools.add-properties' to 'false' to disable
2023-04-26 00:55:43,514 INFO org.springframework.boot.devtools.env.DevToolsPropertyDefaultsPostProcessor [restartedMain] For additional web related logging consider setting the 'logging.level.web' property to 'DEBUG'
2023-04-26 00:55:45,791 INFO org.springframework.data.repository.config.RepositoryConfigurationDelegate [restartedMain] Bootstrapping Spring Data JPA repositories in DEFAULT mode.
2023-04-26 00:55:46,296 INFO org.springframework.data.repository.config.RepositoryConfigurationDelegate [restartedMain] Finished Spring Data repository scanning in 469 ms. Found 1 JPA repository interfaces.
2023-04-26 00:55:47,776 INFO org.springframework.boot.web.embedded.tomcat.TomcatWebServer [restartedMain] Tomcat initialized with port(s): 8787 (https)
2023-04-26 00:55:47,810 INFO org.apache.catalina.core.StandardService [restartedMain] Starting service [Tomcat]
2023-04-26 00:55:47,812 INFO org.apache.catalina.core.StandardEngine [restartedMain] Starting Servlet engine: [Apache Tomcat/9.0.74]
2023-04-26 00:55:48,023 INFO org.apache.catalina.core.ContainerBase.[Tomcat].[localhost].[/] [restartedMain] Initializing Spring embedded WebApplicationContext
2023-04-26 00:55:48,024 INFO org.springframework.boot.web.servlet.context.ServletWebServerApplicationContext [restartedMain] Root WebApplicationContext: initialization completed in 4508 ms
2023-04-26 00:55:48,341 INFO org.hibernate.jpa.internal.util.LogHelper [restartedMain] HHH000204: Processing PersistenceUnitInfo [name: default]
2023-04-26 00:55:48,510 INFO org.hibernate.Version [restartedMain] HHH000412: Hibernate ORM core version 5.6.15.Final
2023-04-26 00:55:48,954 INFO org.hibernate.annotations.common.Version [restartedMain] HCANN000001: Hibernate Commons Annotations {5.1.2.Final}
2023-04-26 00:55:49,226 INFO com.zaxxer.hikari.HikariDataSource [restartedMain] HikariPool-1 - Starting...
2023-04-26 00:55:50,010 INFO com.zaxxer.hikari.HikariDataSource [restartedMain] HikariPool-1 - Start completed.
2023-04-26 00:55:50,099 INFO org.hibernate.dialect.Dialect [restartedMain] HHH000400: Using dialect: org.hibernate.dialect.MySQL8Dialect
2023-04-26 00:55:51,765 INFO org.hibernate.engine.transaction.jta.platform.internal.JtaPlatformInitiator [restartedMain] HHH000490: Using JtaPlatform implementation: [org.hibernate.engine.transaction.jta.platform.internal.NoJtaPlatform]
2023-04-26 00:55:51,791 INFO org.springframework.orm.jpa.LocalContainerEntityManagerFactoryBean [restartedMain] Initialized JPA EntityManagerFactory for persistence unit 'default'
2023-04-26 00:55:52,714 WARN org.springframework.boot.autoconfigure.orm.jpa.JpaBaseConfiguration$JpaWebConfiguration [restartedMain] spring.jpa.open-in-view is enabled by default. Therefore, database queries may be performed during view rendering. Explicitly configure spring.jpa.open-in-view to disable this warning
2023-04-26 00:55:55,324 INFO org.springframework.boot.devtools.autoconfigure.OptionalLiveReloadServer [restartedMain] LiveReload server is running on port 35729
2023-04-26 00:55:55,858 INFO org.apache.tomcat.util.net.NioEndpoint.certificate [restartedMain] Connector [https-jsse-nio-8787], TLS virtual host [_default_], certificate type [UNDEFINED] configured from [file:/C:/Users/Adminstrator/Desktop/Capstone_Project/EmployeeManagementSystem/bin/main/keystore.p12] using alias [spring-https] and with trust store [null]
2023-04-26 00:55:55,912 INFO org.springframework.boot.web.embedded.tomcat.TomcatWebServer [restartedMain] Tomcat started on port(s): 8787 (https) with context path ''
2023-04-26 00:55:55,942 INFO com.employee.EmployeeManagementSystemApplication [restartedMain] Started EmployeeManagementSystemApplication in 14.056 seconds (JVM running for 17.298)
2023-04-26 00:56:08,939 INFO org.apache.catalina.core.ContainerBase.[Tomcat].[localhost].[/] [https-jsse-nio-8787-exec-6] Initializing Spring DispatcherServlet 'dispatcherServlet'
2023-04-26 00:56:08,940 INFO org.springframework.web.servlet.DispatcherServlet [https-jsse-nio-8787-exec-6] Initializing Servlet 'dispatcherServlet'
2023-04-26 00:56:08,943 INFO org.springframework.web.servlet.DispatcherServlet [https-jsse-nio-8787-exec-6] Completed initialization in 3 ms
2023-04-26 00:56:09,012 INFO com.employee.controller.EmployeeController [https-jsse-nio-8787-exec-6] Record of EmployeeID(113)is called
2023-04-26 01:02:41,801 INFO org.springframework.boot.admin.SpringApplicationAdminMXBeanRegistrar$SpringApplicationAdmin [RMI TCP Connection(10)-127.0.0.1] Application shutdown requested.
2023-04-26 01:02:42,379 INFO org.apache.catalina.core.StandardService [RMI TCP Connection(10)-127.0.0.1] Stopping service [Tomcat]
2023-04-26 01:02:42,428 INFO org.apache.catalina.core.ContainerBase.[Tomcat].[localhost].[/] [RMI TCP Connection(10)-127.0.0.1] Destroying Spring FrameworkServlet 'dispatcherServlet'
2023-04-26 01:02:42,838 INFO org.springframework.orm.jpa.LocalContainerEntityManagerFactoryBean [RMI TCP Connection(10)-127.0.0.1] Closing JPA EntityManagerFactory for persistence unit 'default'
2023-04-26 01:02:42,960 INFO com.zaxxer.hikari.HikariDataSource [RMI TCP Connection(10)-127.0.0.1] HikariPool-1 - Shutdown initiated...
2023-04-26 01:02:43,102 INFO com.zaxxer.hikari.HikariDataSource [RMI TCP Connection(10)-127.0.0.1] HikariPool-1 - Shutdown completed.
2023-04-26 01:02:47,380 INFO com.employee.EmployeeManagementSystemApplication [restartedMain] Starting EmployeeManagementSystemApplication using Java 17.0.5 on DESKTOP-B6AVPBA with PID 636 (C:\Users\Adminstrator\Desktop\Capstone_Project\EmployeeManagementSystem\bin\main started by Adminstrator in C:\Users\Adminstrator\Desktop\Capstone_Project\EmployeeManagementSystem)
2023-04-26 01:02:47,386 INFO com.employee.EmployeeManagementSystemApplication [restartedMain] No active profile set, falling back to 1 default profile: "default"
2023-04-26 01:02:47,640 INFO org.springframework.boot.devtools.env.DevToolsPropertyDefaultsPostProcessor [restartedMain] Devtools property defaults active! Set 'spring.devtools.add-properties' to 'false' to disable
2023-04-26 01:02:47,640 INFO org.springframework.boot.devtools.env.DevToolsPropertyDefaultsPostProcessor [restartedMain] For additional web related logging consider setting the 'logging.level.web' property to 'DEBUG'
2023-04-26 01:02:49,320 INFO org.springframework.data.repository.config.RepositoryConfigurationDelegate [restartedMain] Bootstrapping Spring Data JPA repositories in DEFAULT mode.
2023-04-26 01:02:49,762 INFO org.springframework.data.repository.config.RepositoryConfigurationDelegate [restartedMain] Finished Spring Data repository scanning in 423 ms. Found 1 JPA repository interfaces.
2023-04-26 01:02:51,301 INFO org.springframework.boot.web.embedded.tomcat.TomcatWebServer [restartedMain] Tomcat initialized with port(s): 8787 (https)
2023-04-26 01:02:51,328 INFO org.apache.catalina.core.StandardService [restartedMain] Starting service [Tomcat]
2023-04-26 01:02:51,329 INFO org.apache.catalina.core.StandardEngine [restartedMain] Starting Servlet engine: [Apache Tomcat/9.0.74]
2023-04-26 01:02:51,515 INFO org.apache.catalina.core.ContainerBase.[Tomcat].[localhost].[/] [restartedMain] Initializing Spring embedded WebApplicationContext
2023-04-26 01:02:51,516 INFO org.springframework.boot.web.servlet.context.ServletWebServerApplicationContext [restartedMain] Root WebApplicationContext: initialization completed in 3875 ms
2023-04-26 01:02:51,798 INFO org.hibernate.jpa.internal.util.LogHelper [restartedMain] HHH000204: Processing PersistenceUnitInfo [name: default]
2023-04-26 01:02:51,946 INFO org.hibernate.Version [restartedMain] HHH000412: Hibernate ORM core version 5.6.15.Final
2023-04-26 01:02:52,459 INFO org.hibernate.annotations.common.Version [restartedMain] HCANN000001: Hibernate Commons Annotations {5.1.2.Final}
2023-04-26 01:02:52,757 INFO com.zaxxer.hikari.HikariDataSource [restartedMain] HikariPool-1 - Starting...
2023-04-26 01:02:53,630 INFO com.zaxxer.hikari.HikariDataSource [restartedMain] HikariPool-1 - Start completed.
2023-04-26 01:02:53,698 INFO org.hibernate.dialect.Dialect [restartedMain] HHH000400: Using dialect: org.hibernate.dialect.MySQL8Dialect
2023-04-26 01:02:55,276 INFO org.hibernate.engine.transaction.jta.platform.internal.JtaPlatformInitiator [restartedMain] HHH000490: Using JtaPlatform implementation: [org.hibernate.engine.transaction.jta.platform.internal.NoJtaPlatform]
2023-04-26 01:02:55,302 INFO org.springframework.orm.jpa.LocalContainerEntityManagerFactoryBean [restartedMain] Initialized JPA EntityManagerFactory for persistence unit 'default'
2023-04-26 01:02:56,147 WARN org.springframework.boot.autoconfigure.orm.jpa.JpaBaseConfiguration$JpaWebConfiguration [restartedMain] spring.jpa.open-in-view is enabled by default. Therefore, database queries may be performed during view rendering. Explicitly configure spring.jpa.open-in-view to disable this warning
2023-04-26 01:02:58,293 INFO org.springframework.boot.devtools.autoconfigure.OptionalLiveReloadServer [restartedMain] LiveReload server is running on port 35729
2023-04-26 01:02:58,815 INFO org.apache.tomcat.util.net.NioEndpoint.certificate [restartedMain] Connector [https-jsse-nio-8787], TLS virtual host [_default_], certificate type [UNDEFINED] configured from [file:/C:/Users/Adminstrator/Desktop/Capstone_Project/EmployeeManagementSystem/bin/main/keystore.p12] using alias [spring-https] and with trust store [null]
2023-04-26 01:02:58,858 INFO org.springframework.boot.web.embedded.tomcat.TomcatWebServer [restartedMain] Tomcat started on port(s): 8787 (https) with context path ''
